<?xml version="1.0" encoding="UTF-8"?>
<!-- Generated by org.testng.reporters.JUnitXMLReporter -->
<testsuite ignored="2" hostname="DESKTOP-EC1712N" failures="0" tests="1" name="Default test" time="30.442" errors="0" timestamp="2019-12-27T20:16:30 IST">
  <testcase classname="wedDriver.MultiSelect" name="MultiSelect3" time="24.293"/>
  <testcase classname="wedDriver.MultiSelect" name="multiselectoptions" time="0.0">
    <ignored/>
  </testcase> <!-- multiselectoptions -->
  <testcase classname="wedDriver.MultiSelect" name="MiltiSelect2" time="0.0">
    <ignored/>
  </testcase> <!-- MiltiSelect2 -->
</testsuite> <!-- Default test -->
