<?xml version="1.0" encoding="UTF-8"?>
<!-- Generated by org.testng.reporters.JUnitXMLReporter -->
<testsuite ignored="2" hostname="DESKTOP-EC1712N" failures="0" tests="1" name="Test" time="26.575" errors="0" timestamp="2019-12-27T20:31:56 IST">
  <testcase classname="wedDriver.MultiSelect" name="MultiSelect3" time="20.603"/>
  <testcase classname="wedDriver.MultiSelect" name="multiselectoptions" time="0.0">
    <ignored/>
  </testcase> <!-- multiselectoptions -->
  <testcase classname="wedDriver.MultiSelect" name="MiltiSelect2" time="0.0">
    <ignored/>
  </testcase> <!-- MiltiSelect2 -->
</testsuite> <!-- Test -->
