<?xml version="1.0" encoding="UTF-8"?>
<testng-results ignored="2" total="3" passed="1" failed="0" skipped="0">
  <reporter-output>
  </reporter-output>
  <suite started-at="2019-12-27T20:31:29 IST" name="Suite" finished-at="2019-12-27T20:31:56 IST" duration-ms="26575">
    <groups>
    </groups>
    <test started-at="2019-12-27T20:31:29 IST" name="Test" finished-at="2019-12-27T20:31:56 IST" duration-ms="26575">
      <class name="wedDriver.MultiSelect">
        <test-method is-config="true" signature="Launch()[pri:0, instance:wedDriver.MultiSelect@add0edd]" started-at="2019-12-27T20:31:29 IST" name="Launch" finished-at="2019-12-27T20:31:35 IST" duration-ms="5895" status="PASS">
          <reporter-output>
          </reporter-output>
        </test-method> <!-- Launch -->
        <test-method signature="MultiSelect3()[pri:0, instance:wedDriver.MultiSelect@add0edd]" started-at="2019-12-27T20:31:35 IST" name="MultiSelect3" finished-at="2019-12-27T20:31:56 IST" duration-ms="20603" status="PASS">
          <reporter-output>
          </reporter-output>
        </test-method> <!-- MultiSelect3 -->
        <test-method is-config="true" signature="closeapp()[pri:0, instance:wedDriver.MultiSelect@add0edd]" started-at="2019-12-27T20:31:56 IST" name="closeapp" finished-at="2019-12-27T20:31:56 IST" duration-ms="0" status="PASS">
          <reporter-output>
          </reporter-output>
        </test-method> <!-- closeapp -->
      </class> <!-- wedDriver.MultiSelect -->
    </test> <!-- Test -->
  </suite> <!-- Suite -->
</testng-results>
